<?xml version="1.0" encoding="UTF-8"?>
<!-- Generated by org.testng.reporters.JUnitXMLReporter -->
<testsuite ignored="0" hostname="BUDDI_DESKTOP" failures="1" tests="3" name="Test" time="34.814" errors="0" timestamp="2026-01-20T22:04:11 IST">
  <testcase classname="com.practice.TestCases.TestCases" name="testCase_001" time="10.097"/>
  <testcase classname="com.practice.TestCases.TestCases" name="testCase_002" time="8.588"/>
  <testcase classname="com.practice.TestCases.TestCases" name="testCase_003" time="5.089">
    <failure type="java.lang.AssertionError" message="Expected And Actual Error Message Not Matched expected [Please fill out this field.123] but found [Please fill out this field.]">
      <![CDATA[java.lang.AssertionError: Expected And Actual Error Message Not Matched expected [Please fill out this field.123] but found [Please fill out this field.]
at com.practice.Pages.LoginPage.loginForm_EmailAddress_TextBox_Validate_ErrorMessage_PleaseFillOutThisField(LoginPage.java:52)
at com.practice.TestCases.TestCases.testCase_003(TestCases.java:84)
at java.base/java.util.ArrayList.forEach(ArrayList.java:1596)
... Removed 30 stack frames]]>
    </failure>
  </testcase> <!-- testCase_003 -->
</testsuite> <!-- Test -->
